{"level":"info","message":"Server started at port 3000.","service":"user-service","timestamp":"2022-03-03T17:02:54.477Z"}
{"level":"info","message":"Server started at port 3000.","service":"user-service","timestamp":"2022-03-03T17:02:56.087Z"}
{"level":"info","message":"\u001b[0mPOST /api/users \u001b[33m400\u001b[0m 152.371 ms - 88\u001b[0m\n","service":"user-service","timestamp":"2022-03-03T17:03:34.300Z"}
{"level":"info","message":"\u001b[0mPOST /api/users \u001b[33m400\u001b[0m 9.351 ms - 88\u001b[0m\n","service":"user-service","timestamp":"2022-03-03T17:03:41.107Z"}
{"level":"info","message":"\u001b[0mPOST /api/login \u001b[33m401\u001b[0m 418.340 ms - 35\u001b[0m\n","service":"user-service","timestamp":"2022-03-03T17:03:53.591Z"}
{"level":"info","message":"Server started at port 3000.","service":"user-service","timestamp":"2022-03-03T17:07:38.092Z"}
{"level":"info","message":"\u001b[0mGET /api/users \u001b[0m-\u001b[0m - ms - -\u001b[0m\n","service":"user-service","timestamp":"2022-03-03T17:13:48.398Z"}
{"level":"info","message":"\u001b[0mGET /api/users \u001b[0m-\u001b[0m - ms - -\u001b[0m\n","service":"user-service","timestamp":"2022-03-03T17:14:03.385Z"}
{"level":"info","message":"Server started at port 3000.","service":"user-service","timestamp":"2022-03-03T17:14:22.649Z"}
{"level":"info","message":"Server started at port 3000.","service":"user-service","timestamp":"2022-03-03T17:14:35.875Z"}
{"level":"info","message":"Server started at port 3000.","service":"user-service","timestamp":"2022-03-03T17:14:42.251Z"}
{"level":"info","message":"\u001b[0mGET /api/users \u001b[31m500\u001b[0m 13.202 ms - 64\u001b[0m\n","service":"user-service","timestamp":"2022-03-03T17:14:43.059Z"}
{"level":"info","message":"Server started at port 3000.","service":"user-service","timestamp":"2022-03-03T17:15:01.061Z"}
{"level":"info","message":"Server started at port 3000.","service":"user-service","timestamp":"2022-03-03T17:15:07.962Z"}
{"level":"info","message":"\u001b[0mGET /api/users \u001b[31m500\u001b[0m 11.957 ms - 66\u001b[0m\n","service":"user-service","timestamp":"2022-03-03T17:15:09.457Z"}
{"level":"info","message":"Server started at port 3000.","service":"user-service","timestamp":"2022-03-03T17:15:33.506Z"}
{"level":"info","message":"\u001b[0mGET /api/users \u001b[0m-\u001b[0m - ms - -\u001b[0m\n","service":"user-service","timestamp":"2022-03-03T17:16:04.432Z"}
{"level":"info","message":"Server started at port 3000.","service":"user-service","timestamp":"2022-03-03T17:17:25.622Z"}
{"level":"info","message":"Server started at port 3000.","service":"user-service","timestamp":"2022-03-03T17:18:26.798Z"}
{"level":"info","message":"Server started at port 3000.","service":"user-service","timestamp":"2022-03-03T17:18:48.356Z"}
{"level":"info","message":"\u001b[0mGET /api/users \u001b[33m403\u001b[0m 12.147 ms - 51\u001b[0m\n","service":"user-service","timestamp":"2022-03-03T17:18:48.979Z"}
{"level":"info","message":"\u001b[0mPOST /api/login \u001b[33m401\u001b[0m 270.962 ms - 35\u001b[0m\n","service":"user-service","timestamp":"2022-03-03T17:19:48.497Z"}
{"level":"info","message":"\u001b[0mPOST /api/login \u001b[32m200\u001b[0m 174.192 ms - 421\u001b[0m\n","service":"user-service","timestamp":"2022-03-03T17:19:50.618Z"}
{"level":"info","message":"\u001b[0mPOST /api/users \u001b[33m400\u001b[0m 10.843 ms - 88\u001b[0m\n","service":"user-service","timestamp":"2022-03-03T17:20:25.220Z"}
{"level":"info","message":"Server started at port 3000.","service":"user-service","timestamp":"2022-03-03T17:20:49.834Z"}
{"level":"info","message":"\u001b[0mGET /api/users \u001b[33m403\u001b[0m 21.712 ms - 50\u001b[0m\n","service":"user-service","timestamp":"2022-03-03T17:20:52.219Z"}
{"level":"info","message":"Server started at port 3000.","service":"user-service","timestamp":"2022-03-03T17:21:12.029Z"}
{"level":"info","message":"\u001b[0mGET /api/users \u001b[32m200\u001b[0m 65.027 ms - 621\u001b[0m\n","service":"user-service","timestamp":"2022-03-03T17:21:13.121Z"}
{"level":"info","message":"Server started at port 3000.","service":"user-service","timestamp":"2022-03-03T17:21:20.899Z"}
{"level":"info","message":"\u001b[0mGET /api/users \u001b[33m403\u001b[0m 21.851 ms - 50\u001b[0m\n","service":"user-service","timestamp":"2022-03-03T17:21:21.096Z"}
{"level":"info","message":"Server started at port 3000.","service":"user-service","timestamp":"2022-03-03T17:21:34.238Z"}
{"level":"info","message":"\u001b[0mGET /api/users \u001b[32m200\u001b[0m 105.173 ms - 621\u001b[0m\n","service":"user-service","timestamp":"2022-03-03T17:21:35.070Z"}
{"level":"info","message":"Server started at port 3000.","service":"user-service","timestamp":"2022-03-03T17:23:03.471Z"}
{"level":"info","message":"\u001b[0mGET /api/users/4e8cc965-6ae6-4033-a376-9111f3d88ac6 \u001b[32m200\u001b[0m 150.720 ms - 303\u001b[0m\n","service":"user-service","timestamp":"2022-03-03T17:23:22.067Z"}
{"level":"info","message":"\u001b[0mPOST /api/login \u001b[32m200\u001b[0m 223.520 ms - 421\u001b[0m\n","service":"user-service","timestamp":"2022-03-03T17:24:08.667Z"}
{"level":"info","message":"\u001b[0mPOST /api/users \u001b[33m400\u001b[0m 11.814 ms - 88\u001b[0m\n","service":"user-service","timestamp":"2022-03-03T17:24:54.627Z"}
{"level":"info","message":"\u001b[0mGET /api/users \u001b[33m403\u001b[0m 1.246 ms - 50\u001b[0m\n","service":"user-service","timestamp":"2022-03-03T17:24:58.936Z"}
{"level":"info","message":"\u001b[0mGET /api/users/4e8cc965-6ae6-4033-a376-9111f3d88ac6 \u001b[33m401\u001b[0m 61.058 ms - 27\u001b[0m\n","service":"user-service","timestamp":"2022-03-03T17:25:23.714Z"}
{"level":"info","message":"\u001b[0mGET /api/users/4e8cc965-6ae6-4033-a376-9111f3d88ac6 \u001b[32m200\u001b[0m 6.981 ms - 303\u001b[0m\n","service":"user-service","timestamp":"2022-03-03T17:25:30.281Z"}
{"level":"info","message":"\u001b[0mGET /api/users/4e8cc965-6ae6-4033-a376-9111f3d88ac6 \u001b[32m200\u001b[0m 6.587 ms - 303\u001b[0m\n","service":"user-service","timestamp":"2022-03-03T17:26:30.503Z"}
{"level":"info","message":"Server started at port 3000.","service":"user-service","timestamp":"2022-03-03T17:27:26.936Z"}
{"level":"info","message":"\u001b[0mGET /api/users/4e8cc965-6ae6-4033-a376-9111f3d88ac6 \u001b[32m200\u001b[0m 105.362 ms - 303\u001b[0m\n","service":"user-service","timestamp":"2022-03-03T17:27:28.797Z"}
{"level":"info","message":"\u001b[0mGET /api/users/ \u001b[33m403\u001b[0m 4.182 ms - 68\u001b[0m\n","service":"user-service","timestamp":"2022-03-03T17:27:32.750Z"}
{"level":"info","message":"Server started at port 3000.","service":"user-service","timestamp":"2022-03-03T17:28:26.903Z"}
{"level":"info","message":"\u001b[0mGET /api/users/ \u001b[32m200\u001b[0m 91.464 ms - 303\u001b[0m\n","service":"user-service","timestamp":"2022-03-03T17:28:27.501Z"}
{"level":"info","message":"\u001b[0mGET /api/users/ \u001b[32m200\u001b[0m 7.403 ms - 621\u001b[0m\n","service":"user-service","timestamp":"2022-03-03T17:28:39.183Z"}
{"level":"info","message":"\u001b[0mGET /api/users/ \u001b[32m200\u001b[0m 7.985 ms - 303\u001b[0m\n","service":"user-service","timestamp":"2022-03-03T17:28:42.552Z"}
{"level":"info","message":"\u001b[0mGET /api/users/4e8cc965-6ae6-4033-a376-9111f3d88ac6 \u001b[32m200\u001b[0m 11.918 ms - 303\u001b[0m\n","service":"user-service","timestamp":"2022-03-03T17:29:16.016Z"}
{"level":"info","message":"\u001b[0mGET /api/users/4e8cc965-6ae6-4033-a376-9111f3d88ac6 \u001b[32m200\u001b[0m 4.824 ms - 303\u001b[0m\n","service":"user-service","timestamp":"2022-03-03T17:29:19.259Z"}
{"level":"info","message":"\u001b[0mGET /api/users/ \u001b[32m200\u001b[0m 6.534 ms - 621\u001b[0m\n","service":"user-service","timestamp":"2022-03-03T17:29:23.157Z"}
{"level":"info","message":"\u001b[0mGET /api/users/9961925a-38c7-47fc-be45-8ed0ce34ee45 \u001b[32m200\u001b[0m 7.729 ms - 303\u001b[0m\n","service":"user-service","timestamp":"2022-03-03T17:29:30.900Z"}
{"level":"info","message":"\u001b[0mGET /api/users/9961925a-38c7-47fc-be45-8ed0ce34ee45 \u001b[33m403\u001b[0m 2.667 ms - 68\u001b[0m\n","service":"user-service","timestamp":"2022-03-03T17:29:39.057Z"}
{"level":"info","message":"Server started at port 3000.","service":"user-service","timestamp":"2022-03-03T17:34:53.364Z"}
{"level":"info","message":"Server started at port 3000.","service":"user-service","timestamp":"2022-03-03T17:35:19.949Z"}
{"level":"info","message":"\u001b[0mGET /api/users/ \u001b[33m403\u001b[0m 8.329 ms - 66\u001b[0m\n","service":"user-service","timestamp":"2022-03-03T17:35:26.883Z"}
{"level":"info","message":"\u001b[0mGET /api/users/ \u001b[32m200\u001b[0m 68.542 ms - 621\u001b[0m\n","service":"user-service","timestamp":"2022-03-03T17:35:32.474Z"}
{"level":"info","message":"\u001b[0mGET /api/users/ \u001b[33m401\u001b[0m 0.788 ms - 37\u001b[0m\n","service":"user-service","timestamp":"2022-03-03T17:35:36.276Z"}
{"level":"info","message":"\u001b[0mGET /api/users/ \u001b[33m401\u001b[0m 7.293 ms - 27\u001b[0m\n","service":"user-service","timestamp":"2022-03-03T17:35:42.319Z"}
{"level":"info","message":"\u001b[0mGET /api/users/ \u001b[32m200\u001b[0m 4.523 ms - 621\u001b[0m\n","service":"user-service","timestamp":"2022-03-03T17:35:46.560Z"}
{"level":"info","message":"\u001b[0mGET /api/users/ \u001b[33m403\u001b[0m 0.919 ms - 66\u001b[0m\n","service":"user-service","timestamp":"2022-03-03T17:35:50.109Z"}
{"level":"info","message":"Server started at port 3000.","service":"user-service","timestamp":"2022-03-03T17:42:13.620Z"}
{"level":"info","message":"\u001b[0mGET /api/users/ \u001b[33m403\u001b[0m 8.843 ms - 66\u001b[0m\n","service":"user-service","timestamp":"2022-03-03T17:42:14.608Z"}
{"level":"info","message":"\u001b[0mGET /api/users/ \u001b[32m200\u001b[0m 65.478 ms - 621\u001b[0m\n","service":"user-service","timestamp":"2022-03-03T17:42:19.676Z"}
{"level":"info","message":"\u001b[0mGET /api/users/ \u001b[33m401\u001b[0m 1.307 ms - 37\u001b[0m\n","service":"user-service","timestamp":"2022-03-03T17:42:25.055Z"}
{"level":"info","message":"\u001b[0mGET /api/users/ \u001b[32m200\u001b[0m 5.014 ms - 621\u001b[0m\n","service":"user-service","timestamp":"2022-03-03T17:42:27.678Z"}
{"level":"info","message":"\u001b[0mGET /api/users/4e8cc965-6ae6-4033-a376-9111f3d88ac6 \u001b[32m200\u001b[0m 11.364 ms - 303\u001b[0m\n","service":"user-service","timestamp":"2022-03-03T17:42:29.471Z"}
{"level":"info","message":"\u001b[0mGET /api/users/4e8cc965-6ae6-4033-a376-9111f3d88ac6 \u001b[32m200\u001b[0m 6.264 ms - 303\u001b[0m\n","service":"user-service","timestamp":"2022-03-03T17:42:33.572Z"}
{"level":"info","message":"\u001b[0mGET /api/users/ \u001b[32m200\u001b[0m 6.204 ms - 621\u001b[0m\n","service":"user-service","timestamp":"2022-03-03T17:42:41.510Z"}
{"level":"info","message":"\u001b[0mGET /api/users/9961925a-38c7-47fc-be45-8ed0ce34ee45 \u001b[32m200\u001b[0m 5.794 ms - 303\u001b[0m\n","service":"user-service","timestamp":"2022-03-03T17:42:48.216Z"}
{"level":"info","message":"\u001b[0mGET /api/users/9961925a-38c7-47fc-be45-8ed0ce34ee45 \u001b[33m403\u001b[0m 1.357 ms - 68\u001b[0m\n","service":"user-service","timestamp":"2022-03-03T17:42:52.290Z"}
{"level":"info","message":"Server started at port 3000.","service":"user-service","timestamp":"2022-03-03T17:43:05.348Z"}
{"level":"info","message":"Server started at port 3000.","service":"user-service","timestamp":"2022-03-03T17:46:23.955Z"}
{"level":"info","message":"\u001b[0mDELETE /api/users/9961925a-38c7-47fc-be45-8ed0ce34ee45 \u001b[33m403\u001b[0m 9.969 ms - 54\u001b[0m\n","service":"user-service","timestamp":"2022-03-03T17:46:30.027Z"}
{"level":"info","message":"Server started at port 3000.","service":"user-service","timestamp":"2022-03-03T17:46:37.910Z"}
{"level":"info","message":"\u001b[0mDELETE /api/users/9961925a-38c7-47fc-be45-8ed0ce34ee45 \u001b[33m403\u001b[0m 15.422 ms - 53\u001b[0m\n","service":"user-service","timestamp":"2022-03-03T17:46:38.702Z"}
{"level":"info","message":"\u001b[0mGET /api/users/ \u001b[32m200\u001b[0m 64.568 ms - 621\u001b[0m\n","service":"user-service","timestamp":"2022-03-03T17:46:46.886Z"}
{"level":"info","message":"\u001b[0mDELETE /api/users/4e8cc965-6ae6-4033-a376-9111f3d88ac6 \u001b[33m403\u001b[0m 3.603 ms - 53\u001b[0m\n","service":"user-service","timestamp":"2022-03-03T17:46:52.666Z"}
{"level":"info","message":"\u001b[0mGET /api/users/ \u001b[32m200\u001b[0m 4.746 ms - 621\u001b[0m\n","service":"user-service","timestamp":"2022-03-03T17:47:01.412Z"}
{"level":"info","message":"\u001b[0mGET /api/users/ \u001b[32m200\u001b[0m 6.321 ms - 621\u001b[0m\n","service":"user-service","timestamp":"2022-03-03T17:47:27.636Z"}
{"level":"info","message":"\u001b[0mPOST /api/users/ \u001b[33m400\u001b[0m 248.641 ms - 61\u001b[0m\n","service":"user-service","timestamp":"2022-03-03T17:47:30.653Z"}
{"level":"info","message":"\u001b[0mPOST /api/users/ \u001b[32m200\u001b[0m 276.395 ms - 307\u001b[0m\n","service":"user-service","timestamp":"2022-03-03T17:47:41.725Z"}
{"level":"info","message":"\u001b[0mGET /api/users/ \u001b[32m200\u001b[0m 57.837 ms - 929\u001b[0m\n","service":"user-service","timestamp":"2022-03-03T17:47:47.966Z"}
{"level":"info","message":"\u001b[0mDELETE /api/users/b8854b9e-95ca-4900-90c7-d018f86783b2 \u001b[33m403\u001b[0m 2.259 ms - 53\u001b[0m\n","service":"user-service","timestamp":"2022-03-03T17:47:57.710Z"}
{"level":"info","message":"\u001b[0mGET /api/users/b8854b9e-95ca-4900-90c7-d018f86783b2 \u001b[32m200\u001b[0m 6.799 ms - 307\u001b[0m\n","service":"user-service","timestamp":"2022-03-03T17:47:59.943Z"}
{"level":"info","message":"\u001b[0mPOST /api/login \u001b[32m200\u001b[0m 141.491 ms - 427\u001b[0m\n","service":"user-service","timestamp":"2022-03-03T17:48:41.903Z"}
{"level":"info","message":"\u001b[0mGET /api/users/ \u001b[33m403\u001b[0m 2.713 ms - 66\u001b[0m\n","service":"user-service","timestamp":"2022-03-03T17:48:58.091Z"}
{"level":"info","message":"\u001b[0mGET /api/users/b8854b9e-95ca-4900-90c7-d018f86783b2 \u001b[32m200\u001b[0m 6.199 ms - 307\u001b[0m\n","service":"user-service","timestamp":"2022-03-03T17:49:06.630Z"}
{"level":"info","message":"\u001b[0mDELETE /api/users/b8854b9e-95ca-4900-90c7-d018f86783b2 \u001b[33m403\u001b[0m 53.099 ms - 53\u001b[0m\n","service":"user-service","timestamp":"2022-03-03T17:49:14.294Z"}
{"level":"info","message":"\u001b[0mGET /api/users/b8854b9e-95ca-4900-90c7-d018f86783b2 \u001b[33m403\u001b[0m 0.966 ms - 67\u001b[0m\n","service":"user-service","timestamp":"2022-03-03T17:49:18.189Z"}
{"level":"info","message":"\u001b[0mDELETE /api/users/b8854b9e-95ca-4900-90c7-d018f86783b2 \u001b[32m200\u001b[0m 88.369 ms - 43\u001b[0m\n","service":"user-service","timestamp":"2022-03-03T17:49:22.693Z"}
{"level":"info","message":"\u001b[0mGET /api/users/b8854b9e-95ca-4900-90c7-d018f86783b2 \u001b[33m404\u001b[0m 9.070 ms - 30\u001b[0m\n","service":"user-service","timestamp":"2022-03-03T17:49:26.674Z"}
{"level":"info","message":"\u001b[0mGET /api/users/b8854b9e-95ca-4900-90c7-d018f86783b2 \u001b[33m403\u001b[0m 0.808 ms - 67\u001b[0m\n","service":"user-service","timestamp":"2022-03-03T17:49:33.097Z"}
{"level":"info","message":"\u001b[0mDELETE /api/users/b8854b9e-95ca-4900-90c7-d018f86783b2 \u001b[33m403\u001b[0m 1.242 ms - 53\u001b[0m\n","service":"user-service","timestamp":"2022-03-03T17:49:43.192Z"}
{"level":"info","message":"Server started at port 3000.","service":"user-service","timestamp":"2022-03-03T17:50:38.125Z"}
{"level":"info","message":"Server started at port 3000.","service":"user-service","timestamp":"2022-03-03T17:50:47.248Z"}
{"level":"info","message":"\u001b[0mDELETE /api/users/b8854b9e-95ca-4900-90c7-d018f86783b2 \u001b[33m403\u001b[0m 11.169 ms - 46\u001b[0m\n","service":"user-service","timestamp":"2022-03-03T17:50:58.407Z"}
{"level":"info","message":"\u001b[0mGET /api/users/b8854b9e-95ca-4900-90c7-d018f86783b2 \u001b[33m403\u001b[0m 1.923 ms - 46\u001b[0m\n","service":"user-service","timestamp":"2022-03-03T17:51:11.669Z"}
{"level":"info","message":"\u001b[0mGET /api/users/ \u001b[33m403\u001b[0m 1.126 ms - 66\u001b[0m\n","service":"user-service","timestamp":"2022-03-03T17:51:20.201Z"}
{"level":"info","message":"\u001b[0mDELETE /api/users/ \u001b[33m404\u001b[0m 3.288 ms - 152\u001b[0m\n","service":"user-service","timestamp":"2022-03-03T17:51:25.703Z"}
{"level":"info","message":"\u001b[0mGET /api/users/ \u001b[32m200\u001b[0m 61.007 ms - 621\u001b[0m\n","service":"user-service","timestamp":"2022-03-03T17:51:29.826Z"}
{"level":"info","message":"\u001b[0mGET /api/users/ \u001b[33m403\u001b[0m 0.884 ms - 66\u001b[0m\n","service":"user-service","timestamp":"2022-03-03T17:51:36.719Z"}
{"level":"info","message":"\u001b[0mGET /api/users/b8854b9e-95ca-4900-90c7-d018f86783b2 \u001b[33m404\u001b[0m 12.159 ms - 30\u001b[0m\n","service":"user-service","timestamp":"2022-03-03T17:52:52.445Z"}
{"level":"info","message":"\u001b[0mDELETE /api/users/b8854b9e-95ca-4900-90c7-d018f86783b2 \u001b[33m404\u001b[0m 24.234 ms - 45\u001b[0m\n","service":"user-service","timestamp":"2022-03-03T17:54:45.757Z"}
{"level":"info","message":"\u001b[0mGET /api/users/ \u001b[33m403\u001b[0m 2.436 ms - 66\u001b[0m\n","service":"user-service","timestamp":"2022-03-03T17:54:53.060Z"}
{"level":"info","message":"\u001b[0mPOST /api/users/ \u001b[33m400\u001b[0m 10.795 ms - 88\u001b[0m\n","service":"user-service","timestamp":"2022-03-03T17:54:58.490Z"}
{"level":"info","message":"Server started at port 3000.","service":"user-service","timestamp":"2022-03-03T17:58:59.758Z"}
{"level":"info","message":"Server started at port 3000.","service":"user-service","timestamp":"2022-03-03T18:00:04.970Z"}
{"level":"info","message":"Server started at port 3000.","service":"user-service","timestamp":"2022-03-03T18:00:15.994Z"}
{"level":"info","message":"\u001b[0mGET /api/users/ \u001b[33m403\u001b[0m 7.460 ms - 66\u001b[0m\n","service":"user-service","timestamp":"2022-03-03T18:00:21.885Z"}
{"level":"info","message":"\u001b[0mGET /api/users/9961925a-38c7-47fc-be45-8ed0ce34ee45 \u001b[33m403\u001b[0m 2.070 ms - 45\u001b[0m\n","service":"user-service","timestamp":"2022-03-03T18:00:39.405Z"}
{"level":"info","message":"\u001b[0mGET /api/users/9961925a-38c7-47fc-be45-8ed0ce34ee45 \u001b[32m200\u001b[0m 72.707 ms - 303\u001b[0m\n","service":"user-service","timestamp":"2022-03-03T18:00:44.242Z"}
{"level":"info","message":"\u001b[0mGET /api/users/ \u001b[32m200\u001b[0m 9.251 ms - 621\u001b[0m\n","service":"user-service","timestamp":"2022-03-03T18:00:51.782Z"}
{"level":"info","message":"\u001b[0mGET /api/users/ \u001b[32m200\u001b[0m 4.215 ms - 621\u001b[0m\n","service":"user-service","timestamp":"2022-03-03T18:00:52.077Z"}
{"level":"info","message":"\u001b[0mGET /api/users/4e8cc965-6ae6-4033-a376-9111f3d88ac6 \u001b[32m200\u001b[0m 7.465 ms - 303\u001b[0m\n","service":"user-service","timestamp":"2022-03-03T18:01:02.861Z"}
{"level":"info","message":"\u001b[0mDELETE /api/users/4e8cc965-6ae6-4033-a376-9111f3d88ac6 \u001b[33m403\u001b[0m 1.987 ms - 43\u001b[0m\n","service":"user-service","timestamp":"2022-03-03T18:01:08.643Z"}
{"level":"info","message":"Server started at port 3000.","service":"user-service","timestamp":"2022-03-03T18:01:20.009Z"}
{"level":"info","message":"\u001b[0mDELETE /api/users/4e8cc965-6ae6-4033-a376-9111f3d88ac6 \u001b[33m403\u001b[0m 16.386 ms - 41\u001b[0m\n","service":"user-service","timestamp":"2022-03-03T18:01:20.443Z"}
{"level":"info","message":"Server started at port 3000.","service":"user-service","timestamp":"2022-03-03T18:01:52.668Z"}
{"level":"info","message":"\u001b[0mPUT /api/users/4e8cc965-6ae6-4033-a376-9111f3d88ac6 \u001b[33m403\u001b[0m 13.560 ms - 55\u001b[0m\n","service":"user-service","timestamp":"2022-03-03T18:02:02.411Z"}
{"level":"info","message":"\u001b[0mPUT /api/users/4e8cc965-6ae6-4033-a376-9111f3d88ac6 \u001b[32m200\u001b[0m 145.965 ms - 310\u001b[0m\n","service":"user-service","timestamp":"2022-03-03T18:02:16.529Z"}
{"level":"info","message":"Server started at port 3000.","service":"user-service","timestamp":"2022-03-03T18:03:18.069Z"}
{"level":"info","message":"Server started at port 3000.","service":"user-service","timestamp":"2022-03-03T18:04:26.172Z"}
{"level":"info","message":"\u001b[0mGET /api/movies \u001b[32m200\u001b[0m 72.681 ms - 618\u001b[0m\n","service":"user-service","timestamp":"2022-03-03T18:06:22.078Z"}
{"level":"info","message":"Server started at port 3000.","service":"user-service","timestamp":"2022-03-03T18:09:50.656Z"}
{"level":"info","message":"Server started at port 3000.","service":"user-service","timestamp":"2022-03-03T18:10:13.736Z"}
{"level":"info","message":"Server started at port 3000.","service":"user-service","timestamp":"2022-03-03T18:10:23.485Z"}
{"level":"info","message":"Server started at port 3000.","service":"user-service","timestamp":"2022-03-03T18:10:27.295Z"}
{"level":"info","message":"Server started at port 3000.","service":"user-service","timestamp":"2022-03-03T18:10:34.031Z"}
{"level":"info","message":"Server started at port 3000.","service":"user-service","timestamp":"2022-03-03T18:10:44.141Z"}
{"level":"info","message":"Server started at port 3000.","service":"user-service","timestamp":"2022-03-03T18:11:07.949Z"}
{"level":"info","message":"Server started at port 3000.","service":"user-service","timestamp":"2022-03-03T18:11:25.946Z"}
{"level":"info","message":"Server started at port 3000.","service":"user-service","timestamp":"2022-03-03T18:11:39.639Z"}
{"level":"info","message":"Server started at port 3000.","service":"user-service","timestamp":"2022-03-03T18:11:54.431Z"}
{"level":"info","message":"Server started at port 3000.","service":"user-service","timestamp":"2022-03-03T18:12:07.261Z"}
{"level":"info","message":"\u001b[0mGET /api/movies \u001b[32m200\u001b[0m 68.085 ms - 618\u001b[0m\n","service":"user-service","timestamp":"2022-03-03T18:12:19.932Z"}
{"level":"info","message":"\u001b[0mPOST /api/movies \u001b[33m403\u001b[0m 4.496 ms - 45\u001b[0m\n","service":"user-service","timestamp":"2022-03-03T18:12:23.807Z"}
{"level":"info","message":"\u001b[0mGET /api/movies \u001b[32m200\u001b[0m 4.855 ms - 618\u001b[0m\n","service":"user-service","timestamp":"2022-03-03T18:12:31.880Z"}
{"level":"info","message":"\u001b[0mGET /api/movies/c3de203d-f302-479a-8d4f-5090c64341a0 \u001b[32m200\u001b[0m 27.633 ms - 144\u001b[0m\n","service":"user-service","timestamp":"2022-03-03T18:12:40.098Z"}
{"level":"info","message":"\u001b[0mPUT /api/movies/c3de203d-f302-479a-8d4f-5090c64341a0 \u001b[33m403\u001b[0m 2.624 ms - 45\u001b[0m\n","service":"user-service","timestamp":"2022-03-03T18:12:44.793Z"}
{"level":"info","message":"Server started at port 3000.","service":"user-service","timestamp":"2022-03-03T18:13:59.020Z"}
{"level":"info","message":"Server started at port 3000.","service":"user-service","timestamp":"2022-03-03T18:14:10.869Z"}
{"level":"info","message":"\u001b[0mDELETE /api/movies/c3de203d-f302-479a-8d4f-5090c64341a0 \u001b[33m403\u001b[0m 8.675 ms - 45\u001b[0m\n","service":"user-service","timestamp":"2022-03-03T18:14:15.383Z"}
{"level":"info","message":"\u001b[0mDELETE /api/sessions/c3de203d-f302-479a-8d4f-5090c64341a0 \u001b[33m403\u001b[0m 2.106 ms - 45\u001b[0m\n","service":"user-service","timestamp":"2022-03-03T18:14:22.239Z"}
{"level":"info","message":"\u001b[0mPUT /api/sessions/c3de203d-f302-479a-8d4f-5090c64341a0 \u001b[33m403\u001b[0m 1.826 ms - 45\u001b[0m\n","service":"user-service","timestamp":"2022-03-03T18:14:26.760Z"}
{"level":"info","message":"\u001b[0mPOST /api/sessions/ \u001b[33m403\u001b[0m 0.921 ms - 45\u001b[0m\n","service":"user-service","timestamp":"2022-03-03T18:14:33.676Z"}
{"level":"info","message":"\u001b[0mGET /api/sessions/c3de203d-f302-479a-8d4f-5090c64341a0 \u001b[33m404\u001b[0m 80.865 ms - 30\u001b[0m\n","service":"user-service","timestamp":"2022-03-03T18:14:38.221Z"}
{"level":"info","message":"\u001b[0mGET /api/sessions/ \u001b[32m200\u001b[0m 7.775 ms - 443\u001b[0m\n","service":"user-service","timestamp":"2022-03-03T18:14:47.253Z"}
{"level":"info","message":"\u001b[0mGET /api/sessions/b7b8c288-6202-4abb-8429-f98e452855df \u001b[32m200\u001b[0m 4.545 ms - 143\u001b[0m\n","service":"user-service","timestamp":"2022-03-03T18:14:52.441Z"}
{"level":"info","message":"\u001b[0mPUT /api/sessions/b7b8c288-6202-4abb-8429-f98e452855df \u001b[33m403\u001b[0m 0.986 ms - 45\u001b[0m\n","service":"user-service","timestamp":"2022-03-03T18:14:54.539Z"}
{"level":"info","message":"\u001b[0mDELETE /api/sessions/b7b8c288-6202-4abb-8429-f98e452855df \u001b[33m403\u001b[0m 1.952 ms - 45\u001b[0m\n","service":"user-service","timestamp":"2022-03-03T18:14:57.402Z"}
{"level":"info","message":"\u001b[0mPOST /api/sessions/ \u001b[33m403\u001b[0m 0.969 ms - 45\u001b[0m\n","service":"user-service","timestamp":"2022-03-03T18:15:01.952Z"}
{"level":"info","message":"\u001b[0mGET /api/sessions/b7b8c288-6202-4abb-8429-f98e452855df \u001b[32m200\u001b[0m 6.087 ms - 143\u001b[0m\n","service":"user-service","timestamp":"2022-03-03T18:15:04.684Z"}
{"level":"info","message":"\u001b[0mGET /api/sessions/ \u001b[32m200\u001b[0m 5.658 ms - 443\u001b[0m\n","service":"user-service","timestamp":"2022-03-03T18:15:08.723Z"}
{"level":"info","message":"\u001b[0mGET /api/movies \u001b[32m200\u001b[0m 12.380 ms - 618\u001b[0m\n","service":"user-service","timestamp":"2022-03-03T18:15:37.480Z"}
{"level":"info","message":"\u001b[0mPUT /api/movies/c3de203d-f302-479a-8d4f-5090c64341a0 \u001b[32m200\u001b[0m 89.415 ms - 157\u001b[0m\n","service":"user-service","timestamp":"2022-03-03T18:16:26.387Z"}
{"level":"info","message":"\u001b[0mGET /api/movies/c3de203d-f302-479a-8d4f-5090c64341a0 \u001b[32m200\u001b[0m 3.909 ms - 146\u001b[0m\n","service":"user-service","timestamp":"2022-03-03T18:16:31.049Z"}
{"level":"info","message":"\u001b[0mGET /api/movies/ \u001b[32m200\u001b[0m 4.174 ms - 620\u001b[0m\n","service":"user-service","timestamp":"2022-03-03T18:16:40.119Z"}
{"level":"info","message":"\u001b[0mGET /api/sessions/ \u001b[32m200\u001b[0m 59.952 ms - 443\u001b[0m\n","service":"user-service","timestamp":"2022-03-03T18:16:43.560Z"}
{"level":"info","message":"\u001b[0mPUT /api/sessions/0fb887c2-3392-4874-867a-bb878e4cb10d \u001b[32m200\u001b[0m 72.459 ms - 150\u001b[0m\n","service":"user-service","timestamp":"2022-03-03T18:17:06.138Z"}
{"level":"info","message":"\u001b[0mGET /api/sessions/ \u001b[32m200\u001b[0m 4.251 ms - 439\u001b[0m\n","service":"user-service","timestamp":"2022-03-03T18:17:10.648Z"}
{"level":"info","message":"\u001b[0mDELETE /api/sessions/b7b8c288-6202-4abb-8429-f98e452855df \u001b[33m403\u001b[0m 0.897 ms - 45\u001b[0m\n","service":"user-service","timestamp":"2022-03-03T18:17:25.052Z"}
{"level":"info","message":"\u001b[0mGET /api/sessions/ \u001b[32m200\u001b[0m 6.157 ms - 439\u001b[0m\n","service":"user-service","timestamp":"2022-03-03T18:17:30.880Z"}
{"level":"info","message":"\u001b[0mDELETE /api/sessions/b7b8c288-6202-4abb-8429-f98e452855df \u001b[32m200\u001b[0m 37.111 ms - 46\u001b[0m\n","service":"user-service","timestamp":"2022-03-03T18:17:33.314Z"}
{"level":"info","message":"\u001b[0mGET /api/sessions/b7b8c288-6202-4abb-8429-f98e452855df \u001b[33m404\u001b[0m 7.033 ms - 30\u001b[0m\n","service":"user-service","timestamp":"2022-03-03T18:17:38.880Z"}
{"level":"info","message":"\u001b[0mGET /api/sessions/ \u001b[32m200\u001b[0m 3.773 ms - 295\u001b[0m\n","service":"user-service","timestamp":"2022-03-03T18:17:40.670Z"}
{"level":"info","message":"\u001b[0mGET /api/movies \u001b[32m200\u001b[0m 63.016 ms - 620\u001b[0m\n","service":"user-service","timestamp":"2022-03-03T18:17:47.162Z"}
{"level":"info","message":"\u001b[0mPUT /api/sessions/9cade420-78dd-47ef-a127-95fb0187dd74 \u001b[33m403\u001b[0m 0.940 ms - 45\u001b[0m\n","service":"user-service","timestamp":"2022-03-03T18:18:06.593Z"}
{"level":"info","message":"\u001b[0mPUT /api/movies/9cade420-78dd-47ef-a127-95fb0187dd74 \u001b[33m403\u001b[0m 0.726 ms - 45\u001b[0m\n","service":"user-service","timestamp":"2022-03-03T18:18:10.763Z"}
{"level":"info","message":"\u001b[0mGET /api/movies/9cade420-78dd-47ef-a127-95fb0187dd74 \u001b[32m200\u001b[0m 5.663 ms - 147\u001b[0m\n","service":"user-service","timestamp":"2022-03-03T18:18:15.047Z"}
{"level":"info","message":"\u001b[0mDELETE /api/movies/9cade420-78dd-47ef-a127-95fb0187dd74 \u001b[32m200\u001b[0m 99.080 ms - 44\u001b[0m\n","service":"user-service","timestamp":"2022-03-03T18:18:17.471Z"}
{"level":"info","message":"\u001b[0mGET /api/movies/9cade420-78dd-47ef-a127-95fb0187dd74 \u001b[33m404\u001b[0m 4.362 ms - 30\u001b[0m\n","service":"user-service","timestamp":"2022-03-03T18:18:20.196Z"}
{"level":"info","message":"Server started at port 3000.","service":"user-service","timestamp":"2022-03-03T20:09:59.024Z"}
{"level":"info","message":"Server started at port 3000.","service":"user-service","timestamp":"2022-03-03T20:10:08.987Z"}
{"level":"info","message":"Server started at port 3000.","service":"user-service","timestamp":"2022-03-03T20:10:16.092Z"}
{"level":"info","message":"Server started at port 2000.","service":"user-service","timestamp":"2022-03-03T20:10:21.603Z"}
{"level":"info","message":"Server started at port 3000.","service":"user-service","timestamp":"2022-03-03T20:10:24.683Z"}
{"level":"info","message":"Server started at port 3000.","service":"user-service","timestamp":"2022-03-03T20:11:30.590Z"}
{"level":"info","message":"Server started at port 3000.","service":"user-service","timestamp":"2022-03-03T20:11:42.428Z"}
{"level":"info","message":"Server started at port 3000.","service":"user-service","timestamp":"2022-03-03T20:12:28.454Z"}
{"level":"info","message":"Server started at port 3000.","service":"user-service","timestamp":"2022-03-03T20:21:30.402Z"}
{"level":"info","message":"Server started at port 3000.","service":"user-service","timestamp":"2022-03-03T20:22:21.801Z"}
{"level":"info","message":"\u001b[0mGET /api/movies/ \u001b[32m200\u001b[0m 147.298 ms - 472\u001b[0m\n","service":"user-service","timestamp":"2022-03-03T20:23:35.668Z"}
{"level":"info","message":"Server started at port 3000.","service":"user-service","timestamp":"2022-03-03T20:26:18.791Z"}
{"level":"info","message":"Server started at port 3000.","service":"user-service","timestamp":"2022-03-03T20:26:33.724Z"}
{"level":"info","message":"Server started at port 2000.","service":"user-service","timestamp":"2022-03-03T20:26:49.931Z"}
{"level":"info","message":"Server started at port 3000.","service":"user-service","timestamp":"2022-03-03T20:27:00.199Z"}
{"level":"info","message":"Server started at port 3000.","service":"user-service","timestamp":"2022-03-03T20:27:31.140Z"}
{"level":"info","message":"\u001b[0mGET /api/movies/ \u001b[31m500\u001b[0m 276.307 ms - 133\u001b[0m\n","service":"user-service","timestamp":"2022-03-03T20:27:38.231Z"}
{"level":"info","message":"Server started at port 3000.","service":"user-service","timestamp":"2022-03-03T20:27:55.748Z"}
{"level":"info","message":"Server started at port 3000.","service":"user-service","timestamp":"2022-03-03T20:28:42.369Z"}
{"level":"info","message":"\u001b[0mGET /api/movies/ \u001b[32m200\u001b[0m 240.839 ms - 472\u001b[0m\n","service":"user-service","timestamp":"2022-03-03T20:28:44.887Z"}
{"level":"info","message":"Server started at port 3000.","service":"user-service","timestamp":"2022-03-03T20:42:22.290Z"}
{"level":"info","message":"\u001b[0mGET /api/movies/ \u001b[32m200\u001b[0m 276.601 ms - 14\u001b[0m\n","service":"user-service","timestamp":"2022-03-03T20:42:25.558Z"}
{"level":"info","message":"Server started at port 3000.","service":"user-service","timestamp":"2022-03-03T20:42:55.375Z"}
{"level":"info","message":"\u001b[0mGET /api/movies/ \u001b[32m200\u001b[0m 78.657 ms - 472\u001b[0m\n","service":"user-service","timestamp":"2022-03-03T20:42:57.047Z"}
{"level":"info","message":"Server started at port 3000.","service":"user-service","timestamp":"2022-03-03T20:45:34.767Z"}
